<?xml version="1.0" encoding="UTF-8"?>
<!-- Generated by org.testng.reporters.JUnitReportReporter -->
<testsuite hostname="сержант3000" name="HeadPhonesSearchTest" tests="1" failures="0" timestamp="17 Nov 2016 13:25:46 GMT" time="92.920" errors="0">
  <testcase name="headPhonesSearch" time="92.920" classname="HeadPhonesSearchTest"/>
</testsuite> <!-- HeadPhonesSearchTest -->
