<?xml version="1.0" encoding="UTF-8"?>
<!-- Generated by org.testng.reporters.JUnitReportReporter -->
<testsuite hostname="сержант3000" name="TVsearchTest" tests="1" failures="0" timestamp="17 Nov 2016 13:25:46 GMT" time="90.343" errors="0">
  <testcase name="tvSearch" time="90.343" classname="TVsearchTest"/>
</testsuite> <!-- TVsearchTest -->
